Could not initiate driver 'JDBC-ODBC', class 'sun.jdbc.odbc.JdbcOdbcDriver'
Details: sun.jdbc.odbc.JdbcOdbcDriver
Could not initiate driver 'JDBC-ODBC', class 'sun.jdbc.odbc.JdbcOdbcDriver'
Details: sun.jdbc.odbc.JdbcOdbcDriver
Could not initiate driver 'JDBC-ODBC', class 'sun.jdbc.odbc.JdbcOdbcDriver'
Details: sun.jdbc.odbc.JdbcOdbcDriver
Could not initiate driver 'JDBC-ODBC', class 'sun.jdbc.odbc.JdbcOdbcDriver'
Details: sun.jdbc.odbc.JdbcOdbcDriver
DEBUG: Error setting look and feel 'com.nilo.plaf.nimrod.NimRODLookAndFeel'. Trying Java look and feel.
ModelGUI session started at 28.03.2024 10:04:29 CET
DEBUG: Handle mesh3d popup...
DEBUG: Scale: 6.927744217320366 Intercept: 48.69936132691942
DEBUG: Min: 48.69936132691942 Max: 48.84370845762033
DEBUG: Updated volume - x:197 y:233
DEBUG: Updated volume - x:197 y:233
DEBUG: Updated volume - x:197 y:233
DEBUG: 
All done. 0 voxels not mapped
DEBUG: Updated volume - x:197 y:233
DEBUG: 
All done. 0 voxels not mapped
DEBUG: Updated volume - x:197 y:233
DEBUG: 
All done. 0 voxels not mapped
DEBUG: Updated volume - x:197 y:233
DEBUG: Updated volume - x:197 y:233
DEBUG: Updated volume - x:197 y:233
DEBUG: 
All done. 0 voxels not mapped
DEBUG: Updated volume - x:197 y:233
Could not initiate driver 'JDBC-ODBC', class 'sun.jdbc.odbc.JdbcOdbcDriver'
Details: sun.jdbc.odbc.JdbcOdbcDriver
DEBUG: Error setting look and feel 'com.nilo.plaf.nimrod.NimRODLookAndFeel'. Trying Java look and feel.
ModelGUI session started at 28.03.2024 11:27:20 CET
DEBUG: Handle mesh3d popup...
Could not initiate driver 'JDBC-ODBC', class 'sun.jdbc.odbc.JdbcOdbcDriver'
Details: sun.jdbc.odbc.JdbcOdbcDriver
DEBUG: Error setting look and feel 'com.nilo.plaf.nimrod.NimRODLookAndFeel'. Trying Java look and feel.
ModelGUI session started at 28.03.2024 11:47:08 CET
Could not initiate driver 'JDBC-ODBC', class 'sun.jdbc.odbc.JdbcOdbcDriver'
Details: sun.jdbc.odbc.JdbcOdbcDriver
DEBUG: Error setting look and feel 'com.nilo.plaf.nimrod.NimRODLookAndFeel'. Trying Java look and feel.
ModelGUI session started at 28.03.2024 11:58:35 CET
Could not initiate driver 'JDBC-ODBC', class 'sun.jdbc.odbc.JdbcOdbcDriver'
Details: sun.jdbc.odbc.JdbcOdbcDriver
DEBUG: Error setting look and feel 'com.nilo.plaf.nimrod.NimRODLookAndFeel'. Trying Java look and feel.
ModelGUI session started at 28.03.2024 11:59:30 CET
Could not initiate driver 'JDBC-ODBC', class 'sun.jdbc.odbc.JdbcOdbcDriver'
Details: sun.jdbc.odbc.JdbcOdbcDriver
DEBUG: Error setting look and feel 'com.nilo.plaf.nimrod.NimRODLookAndFeel'. Trying Java look and feel.
ModelGUI session started at 28.03.2024 12:00:37 CET
DEBUG: Handle mesh3d popup...
DEBUG: Handle mesh3d popup...
